2025-05-13 20:37:46,955 CRIT Supervisor is running as root.  Privileges were not dropped because no user is specified in the config file.  If you intend to run as root, you can set user=root in the config file to avoid this message.
2025-05-13 20:37:46,961 INFO supervisord started with pid 1
2025-05-13 20:37:47,964 INFO spawned: 'nginx' with pid 7
2025-05-13 20:37:47,965 INFO spawned: 'php-fpm' with pid 8
2025-05-13 20:37:47,967 WARN exited: nginx (exit status 1; not expected)
2025-05-13 20:37:49,013 INFO spawned: 'nginx' with pid 9
2025-05-13 20:37:49,014 INFO success: php-fpm entered RUNNING state, process has stayed up for > than 1 seconds (startsecs)
2025-05-13 20:37:49,016 WARN exited: nginx (exit status 1; not expected)
2025-05-13 20:37:51,021 INFO spawned: 'nginx' with pid 12
2025-05-13 20:37:51,024 WARN exited: nginx (exit status 1; not expected)
2025-05-13 20:37:54,028 INFO spawned: 'nginx' with pid 13
2025-05-13 20:37:54,036 WARN exited: nginx (exit status 1; not expected)
2025-05-13 20:37:58,043 INFO spawned: 'nginx' with pid 22
2025-05-13 20:37:58,046 WARN exited: nginx (exit status 1; not expected)
2025-05-13 20:38:03,056 INFO spawned: 'nginx' with pid 24
2025-05-13 20:38:03,062 WARN exited: nginx (exit status 1; not expected)
2025-05-13 20:38:09,076 INFO spawned: 'nginx' with pid 26
2025-05-13 20:38:09,076 WARN exited: nginx (exit status 1; not expected)
2025-05-13 20:38:16,089 INFO spawned: 'nginx' with pid 27
2025-05-13 20:38:16,093 WARN exited: nginx (exit status 1; not expected)
2025-05-13 20:38:24,108 INFO spawned: 'nginx' with pid 28
2025-05-13 20:38:24,114 WARN exited: nginx (exit status 1; not expected)
2025-05-13 20:38:33,129 INFO spawned: 'nginx' with pid 31
2025-05-13 20:38:33,131 WARN exited: nginx (exit status 1; not expected)
2025-05-13 20:38:43,150 INFO spawned: 'nginx' with pid 32
2025-05-13 20:38:43,157 WARN exited: nginx (exit status 1; not expected)
2025-05-13 20:38:43,157 INFO gave up: nginx entered FATAL state, too many start retries too quickly
2025-05-13 20:42:37,471 WARN received SIGTERM indicating exit request
2025-05-13 20:42:37,472 INFO waiting for php-fpm to die
2025-05-13 20:42:37,490 INFO stopped: php-fpm (exit status 0)
2025-05-13 20:42:40,222 CRIT Supervisor is running as root.  Privileges were not dropped because no user is specified in the config file.  If you intend to run as root, you can set user=root in the config file to avoid this message.
2025-05-13 20:42:40,226 CRIT Server 'unix_http_server' running without any HTTP authentication checking
2025-05-13 20:42:40,231 INFO supervisord started with pid 1
2025-05-13 20:42:41,233 INFO spawned: 'nginx' with pid 15
2025-05-13 20:42:41,235 INFO spawned: 'php-fpm' with pid 16
2025-05-13 20:42:41,236 WARN exited: nginx (exit status 1; not expected)
2025-05-13 20:42:42,271 INFO spawned: 'nginx' with pid 17
2025-05-13 20:42:42,271 INFO success: php-fpm entered RUNNING state, process has stayed up for > than 1 seconds (startsecs)
2025-05-13 20:42:42,273 WARN exited: nginx (exit status 1; not expected)
2025-05-13 20:42:44,277 INFO spawned: 'nginx' with pid 20
2025-05-13 20:42:44,279 WARN exited: nginx (exit status 1; not expected)
2025-05-13 20:42:47,285 INFO spawned: 'nginx' with pid 21
2025-05-13 20:42:47,290 WARN exited: nginx (exit status 1; not expected)
2025-05-13 20:42:51,297 INFO spawned: 'nginx' with pid 22
2025-05-13 20:42:51,304 WARN exited: nginx (exit status 1; not expected)
2025-05-13 20:42:56,315 INFO spawned: 'nginx' with pid 23
2025-05-13 20:42:56,321 WARN exited: nginx (exit status 1; not expected)
2025-05-13 20:43:03,070 INFO spawned: 'nginx' with pid 25
2025-05-13 20:43:03,076 WARN exited: nginx (exit status 1; not expected)
2025-05-13 20:43:10,086 INFO spawned: 'nginx' with pid 26
2025-05-13 20:43:10,089 WARN exited: nginx (exit status 1; not expected)
2025-05-13 20:43:18,101 INFO spawned: 'nginx' with pid 27
2025-05-13 20:43:18,104 WARN exited: nginx (exit status 1; not expected)
2025-05-13 20:43:27,117 INFO spawned: 'nginx' with pid 28
2025-05-13 20:43:27,120 WARN exited: nginx (exit status 1; not expected)
2025-05-13 20:43:37,135 INFO spawned: 'nginx' with pid 29
2025-05-13 20:43:37,139 WARN exited: nginx (exit status 1; not expected)
2025-05-13 20:43:37,139 INFO gave up: nginx entered FATAL state, too many start retries too quickly
2025-05-13 20:43:46,149 WARN received SIGTERM indicating exit request
2025-05-13 20:43:46,150 INFO waiting for php-fpm to die
2025-05-13 20:43:46,158 INFO stopped: php-fpm (exit status 0)
2025-05-13 20:43:49,757 CRIT Supervisor is running as root.  Privileges were not dropped because no user is specified in the config file.  If you intend to run as root, you can set user=root in the config file to avoid this message.
2025-05-13 20:43:49,765 INFO RPC interface 'supervisor' initialized
2025-05-13 20:43:49,765 CRIT Server 'unix_http_server' running without any HTTP authentication checking
2025-05-13 20:43:49,771 INFO supervisord started with pid 1
2025-05-13 20:43:50,773 INFO spawned: 'nginx' with pid 15
2025-05-13 20:43:50,775 INFO spawned: 'php-fpm' with pid 16
2025-05-13 20:43:50,776 WARN exited: nginx (exit status 1; not expected)
2025-05-13 20:43:51,811 INFO spawned: 'nginx' with pid 17
2025-05-13 20:43:51,811 INFO success: php-fpm entered RUNNING state, process has stayed up for > than 1 seconds (startsecs)
2025-05-13 20:43:51,813 WARN exited: nginx (exit status 1; not expected)
2025-05-13 20:43:53,816 INFO spawned: 'nginx' with pid 20
2025-05-13 20:43:53,819 WARN exited: nginx (exit status 1; not expected)
2025-05-13 20:43:57,405 INFO spawned: 'nginx' with pid 22
2025-05-13 20:43:57,409 WARN exited: nginx (exit status 1; not expected)
2025-05-13 20:44:02,253 INFO spawned: 'nginx' with pid 24
2025-05-13 20:44:02,256 WARN exited: nginx (exit status 1; not expected)
2025-05-13 20:44:07,265 INFO spawned: 'nginx' with pid 25
2025-05-13 20:44:07,273 WARN exited: nginx (exit status 1; not expected)
2025-05-13 20:44:13,283 INFO spawned: 'nginx' with pid 26
2025-05-13 20:44:13,286 WARN exited: nginx (exit status 1; not expected)
2025-05-13 20:44:20,300 INFO spawned: 'nginx' with pid 27
2025-05-13 20:44:20,307 WARN exited: nginx (exit status 1; not expected)
2025-05-13 20:44:28,318 INFO spawned: 'nginx' with pid 28
2025-05-13 20:44:28,324 WARN exited: nginx (exit status 1; not expected)
2025-05-13 20:44:37,337 INFO spawned: 'nginx' with pid 29
2025-05-13 20:44:37,348 WARN exited: nginx (exit status 1; not expected)
2025-05-13 20:44:47,364 INFO spawned: 'nginx' with pid 30
2025-05-13 20:44:47,367 WARN exited: nginx (exit status 1; not expected)
2025-05-13 20:44:47,367 INFO gave up: nginx entered FATAL state, too many start retries too quickly
2025-05-13 20:45:22,412 WARN received SIGTERM indicating exit request
2025-05-13 20:45:22,414 INFO waiting for php-fpm to die
2025-05-13 20:45:22,441 INFO stopped: php-fpm (exit status 0)
2025-05-13 20:45:26,105 CRIT Supervisor is running as root.  Privileges were not dropped because no user is specified in the config file.  If you intend to run as root, you can set user=root in the config file to avoid this message.
2025-05-13 20:45:26,111 INFO RPC interface 'supervisor' initialized
2025-05-13 20:45:26,112 CRIT Server 'unix_http_server' running without any HTTP authentication checking
2025-05-13 20:45:26,116 INFO supervisord started with pid 1
2025-05-13 20:45:27,118 INFO spawned: 'nginx' with pid 15
2025-05-13 20:45:27,120 INFO spawned: 'php-fpm' with pid 16
2025-05-13 20:45:27,122 WARN exited: nginx (exit status 1; not expected)
2025-05-13 20:45:28,181 INFO spawned: 'nginx' with pid 17
2025-05-13 20:45:28,182 INFO success: php-fpm entered RUNNING state, process has stayed up for > than 1 seconds (startsecs)
2025-05-13 20:45:28,184 WARN exited: nginx (exit status 1; not expected)
2025-05-13 20:45:30,190 INFO spawned: 'nginx' with pid 20
2025-05-13 20:45:30,193 WARN exited: nginx (exit status 1; not expected)
2025-05-13 20:45:33,198 INFO spawned: 'nginx' with pid 22
2025-05-13 20:45:33,201 WARN exited: nginx (exit status 1; not expected)
2025-05-13 20:45:37,894 INFO spawned: 'nginx' with pid 24
2025-05-13 20:45:37,899 WARN exited: nginx (exit status 1; not expected)
2025-05-13 20:45:42,911 INFO spawned: 'nginx' with pid 25
2025-05-13 20:45:42,918 WARN exited: nginx (exit status 1; not expected)
2025-05-13 20:45:46,925 WARN received SIGTERM indicating exit request
2025-05-13 20:45:46,927 INFO waiting for nginx, php-fpm to die
2025-05-13 20:45:46,939 INFO stopped: php-fpm (exit status 0)
2025-05-13 20:45:50,332 CRIT Supervisor is running as root.  Privileges were not dropped because no user is specified in the config file.  If you intend to run as root, you can set user=root in the config file to avoid this message.
2025-05-13 20:45:50,337 INFO RPC interface 'supervisor' initialized
2025-05-13 20:45:50,339 CRIT Server 'unix_http_server' running without any HTTP authentication checking
2025-05-13 20:45:50,344 INFO supervisord started with pid 1
2025-05-13 20:45:51,346 INFO spawned: 'nginx' with pid 16
2025-05-13 20:45:51,349 INFO spawned: 'php-fpm' with pid 17
2025-05-13 20:45:51,349 WARN exited: nginx (exit status 1; not expected)
2025-05-13 20:45:52,376 INFO spawned: 'nginx' with pid 18
2025-05-13 20:45:52,377 INFO success: php-fpm entered RUNNING state, process has stayed up for > than 1 seconds (startsecs)
2025-05-13 20:45:52,379 WARN exited: nginx (exit status 1; not expected)
2025-05-13 20:45:54,380 INFO spawned: 'nginx' with pid 22
2025-05-13 20:45:54,383 WARN exited: nginx (exit status 1; not expected)
2025-05-13 20:45:57,424 INFO spawned: 'nginx' with pid 23
2025-05-13 20:45:57,426 WARN exited: nginx (exit status 1; not expected)
2025-05-13 20:46:01,434 INFO spawned: 'nginx' with pid 24
2025-05-13 20:46:01,439 WARN exited: nginx (exit status 1; not expected)
2025-05-13 20:46:01,896 INFO waiting for php-fpm to stop
2025-05-13 20:46:01,901 INFO stopped: php-fpm (exit status 0)
2025-05-13 20:46:05,662 INFO spawned: 'nginx' with pid 27
2025-05-13 20:46:05,664 INFO spawned: 'php-fpm' with pid 28
2025-05-13 20:46:05,665 WARN exited: nginx (exit status 1; not expected)
2025-05-13 20:46:06,684 INFO success: php-fpm entered RUNNING state, process has stayed up for > than 1 seconds (startsecs)
2025-05-13 20:46:12,456 INFO spawned: 'nginx' with pid 32
2025-05-13 20:46:12,459 WARN exited: nginx (exit status 1; not expected)
2025-05-13 20:46:19,472 INFO spawned: 'nginx' with pid 33
2025-05-13 20:46:19,478 WARN exited: nginx (exit status 1; not expected)
2025-05-13 20:46:27,491 INFO spawned: 'nginx' with pid 34
2025-05-13 20:46:27,497 WARN exited: nginx (exit status 1; not expected)
2025-05-13 20:46:36,511 INFO spawned: 'nginx' with pid 36
2025-05-13 20:46:36,513 WARN exited: nginx (exit status 1; not expected)
2025-05-13 20:46:46,528 INFO spawned: 'nginx' with pid 37
2025-05-13 20:46:46,533 WARN exited: nginx (exit status 1; not expected)
2025-05-13 20:46:46,534 INFO gave up: nginx entered FATAL state, too many start retries too quickly
2025-05-13 20:47:14,571 WARN received SIGTERM indicating exit request
2025-05-13 20:47:14,573 INFO waiting for php-fpm to die
2025-05-13 20:47:14,604 INFO stopped: php-fpm (exit status 0)
2025-05-13 20:47:17,750 CRIT Supervisor is running as root.  Privileges were not dropped because no user is specified in the config file.  If you intend to run as root, you can set user=root in the config file to avoid this message.
2025-05-13 20:47:17,756 INFO RPC interface 'supervisor' initialized
2025-05-13 20:47:17,756 CRIT Server 'unix_http_server' running without any HTTP authentication checking
2025-05-13 20:47:17,760 INFO supervisord started with pid 1
2025-05-13 20:47:18,763 INFO spawned: 'nginx' with pid 7
2025-05-13 20:47:18,765 INFO spawned: 'php-fpm' with pid 8
2025-05-13 20:47:19,831 INFO success: php-fpm entered RUNNING state, process has stayed up for > than 1 seconds (startsecs)
2025-05-13 20:47:39,132 INFO success: nginx entered RUNNING state, process has stayed up for > than 20 seconds (startsecs)
2025-05-13 20:47:45,143 WARN received SIGTERM indicating exit request
2025-05-13 20:47:45,143 INFO waiting for nginx, php-fpm to die
2025-05-13 20:47:45,147 INFO stopped: php-fpm (exit status 0)
2025-05-13 20:47:45,151 INFO stopped: nginx (exit status 0)
2025-05-13 20:47:47,955 CRIT Supervisor is running as root.  Privileges were not dropped because no user is specified in the config file.  If you intend to run as root, you can set user=root in the config file to avoid this message.
2025-05-13 20:47:47,958 INFO RPC interface 'supervisor' initialized
2025-05-13 20:47:47,959 CRIT Server 'unix_http_server' running without any HTTP authentication checking
2025-05-13 20:47:47,962 INFO supervisord started with pid 1
2025-05-13 20:47:48,964 INFO spawned: 'nginx' with pid 7
2025-05-13 20:47:48,966 INFO spawned: 'php-fpm' with pid 8
2025-05-13 20:47:49,991 INFO success: php-fpm entered RUNNING state, process has stayed up for > than 1 seconds (startsecs)
2025-05-13 20:47:51,994 INFO success: nginx entered RUNNING state, process has stayed up for > than 3 seconds (startsecs)
2025-05-13 20:51:45,236 WARN received SIGTERM indicating exit request
2025-05-13 20:51:45,239 INFO waiting for nginx, php-fpm to die
2025-05-13 20:51:45,276 INFO stopped: php-fpm (exit status 0)
2025-05-13 20:51:45,280 INFO stopped: nginx (exit status 0)
2025-05-13 20:51:48,170 CRIT Supervisor is running as root.  Privileges were not dropped because no user is specified in the config file.  If you intend to run as root, you can set user=root in the config file to avoid this message.
2025-05-13 20:51:48,176 INFO RPC interface 'supervisor' initialized
2025-05-13 20:51:48,177 CRIT Server 'unix_http_server' running without any HTTP authentication checking
2025-05-13 20:51:48,180 INFO supervisord started with pid 1
2025-05-13 20:51:49,183 INFO spawned: 'nginx' with pid 7
2025-05-13 20:51:49,187 INFO spawned: 'php-fpm' with pid 8
2025-05-13 20:51:50,249 INFO success: php-fpm entered RUNNING state, process has stayed up for > than 1 seconds (startsecs)
2025-05-13 20:51:52,251 INFO success: nginx entered RUNNING state, process has stayed up for > than 3 seconds (startsecs)
2025-05-13 20:51:58,259 WARN received SIGTERM indicating exit request
2025-05-13 20:51:58,262 INFO waiting for nginx, php-fpm to die
2025-05-13 20:51:58,272 INFO stopped: php-fpm (exit status 0)
2025-05-13 20:51:58,276 INFO stopped: nginx (exit status 0)
2025-05-13 20:52:01,715 CRIT Supervisor is running as root.  Privileges were not dropped because no user is specified in the config file.  If you intend to run as root, you can set user=root in the config file to avoid this message.
2025-05-13 20:52:01,721 INFO RPC interface 'supervisor' initialized
2025-05-13 20:52:01,722 CRIT Server 'unix_http_server' running without any HTTP authentication checking
2025-05-13 20:52:01,725 INFO supervisord started with pid 1
2025-05-13 20:52:02,729 INFO spawned: 'nginx' with pid 7
2025-05-13 20:52:02,731 INFO spawned: 'php-fpm' with pid 8
2025-05-13 20:52:03,758 INFO success: php-fpm entered RUNNING state, process has stayed up for > than 1 seconds (startsecs)
2025-05-13 20:52:05,761 INFO success: nginx entered RUNNING state, process has stayed up for > than 3 seconds (startsecs)
2025-05-13 20:52:18,777 WARN received SIGTERM indicating exit request
2025-05-13 20:52:18,778 INFO waiting for nginx, php-fpm to die
2025-05-13 20:52:18,786 INFO stopped: php-fpm (exit status 0)
2025-05-13 20:52:18,789 INFO stopped: nginx (exit status 0)
2025-05-13 20:52:22,012 CRIT Supervisor is running as root.  Privileges were not dropped because no user is specified in the config file.  If you intend to run as root, you can set user=root in the config file to avoid this message.
2025-05-13 20:52:22,016 INFO RPC interface 'supervisor' initialized
2025-05-13 20:52:22,017 CRIT Server 'unix_http_server' running without any HTTP authentication checking
2025-05-13 20:52:22,020 INFO supervisord started with pid 1
2025-05-13 20:52:23,023 INFO spawned: 'nginx' with pid 7
2025-05-13 20:52:23,025 INFO spawned: 'php-fpm' with pid 8
2025-05-13 20:52:24,050 INFO success: php-fpm entered RUNNING state, process has stayed up for > than 1 seconds (startsecs)
2025-05-13 20:52:26,053 INFO success: nginx entered RUNNING state, process has stayed up for > than 3 seconds (startsecs)
2025-05-13 21:01:49,939 INFO exited: php-fpm (exit status 0; expected)
2025-05-13 21:01:50,947 INFO spawned: 'php-fpm' with pid 475
2025-05-13 21:01:51,985 INFO success: php-fpm entered RUNNING state, process has stayed up for > than 1 seconds (startsecs)
2025-05-13 21:01:54,719 WARN exited: php-fpm (exit status 78; not expected)
2025-05-13 21:01:55,722 INFO spawned: 'php-fpm' with pid 479
2025-05-13 21:01:56,842 INFO success: php-fpm entered RUNNING state, process has stayed up for > than 1 seconds (startsecs)
2025-05-13 21:02:03,446 WARN exited: php-fpm (exit status 78; not expected)
2025-05-13 21:02:04,450 INFO spawned: 'php-fpm' with pid 484
2025-05-13 21:02:05,484 INFO success: php-fpm entered RUNNING state, process has stayed up for > than 1 seconds (startsecs)
2025-05-13 21:02:09,219 WARN exited: php-fpm (exit status 78; not expected)
2025-05-13 21:02:10,221 INFO spawned: 'php-fpm' with pid 489
2025-05-13 21:02:11,260 INFO success: php-fpm entered RUNNING state, process has stayed up for > than 1 seconds (startsecs)
2025-05-13 21:02:16,644 WARN exited: php-fpm (exit status 78; not expected)
2025-05-13 21:02:17,650 INFO spawned: 'php-fpm' with pid 492
2025-05-13 21:02:18,707 INFO success: php-fpm entered RUNNING state, process has stayed up for > than 1 seconds (startsecs)
2025-05-13 21:02:24,670 WARN exited: php-fpm (exit status 78; not expected)
2025-05-13 21:02:25,675 INFO spawned: 'php-fpm' with pid 493
2025-05-13 21:02:26,723 INFO success: php-fpm entered RUNNING state, process has stayed up for > than 1 seconds (startsecs)
2025-05-13 21:02:32,615 WARN exited: php-fpm (exit status 78; not expected)
2025-05-13 21:02:33,621 INFO spawned: 'php-fpm' with pid 494
2025-05-13 21:02:34,667 INFO success: php-fpm entered RUNNING state, process has stayed up for > than 1 seconds (startsecs)
2025-05-13 21:02:39,375 WARN exited: php-fpm (exit status 78; not expected)
2025-05-13 21:02:40,378 INFO spawned: 'php-fpm' with pid 495
2025-05-13 21:02:41,411 INFO success: php-fpm entered RUNNING state, process has stayed up for > than 1 seconds (startsecs)
2025-05-13 21:02:48,945 WARN exited: php-fpm (exit status 78; not expected)
2025-05-13 21:02:49,949 INFO spawned: 'php-fpm' with pid 496
2025-05-13 21:02:50,982 INFO success: php-fpm entered RUNNING state, process has stayed up for > than 1 seconds (startsecs)
2025-05-13 21:02:56,978 WARN exited: php-fpm (exit status 78; not expected)
2025-05-13 21:02:57,987 INFO spawned: 'php-fpm' with pid 497
2025-05-13 21:02:59,039 INFO success: php-fpm entered RUNNING state, process has stayed up for > than 1 seconds (startsecs)
2025-05-13 21:03:03,600 WARN exited: php-fpm (exit status 78; not expected)
2025-05-13 21:03:04,604 INFO spawned: 'php-fpm' with pid 498
2025-05-13 21:03:06,100 INFO success: php-fpm entered RUNNING state, process has stayed up for > than 1 seconds (startsecs)
2025-05-13 21:03:09,870 WARN exited: php-fpm (exit status 78; not expected)
2025-05-13 21:03:10,874 INFO spawned: 'php-fpm' with pid 499
2025-05-13 21:03:11,915 INFO success: php-fpm entered RUNNING state, process has stayed up for > than 1 seconds (startsecs)
2025-05-13 21:03:17,482 WARN exited: php-fpm (exit status 78; not expected)
2025-05-13 21:03:18,486 INFO spawned: 'php-fpm' with pid 501
2025-05-13 21:03:19,532 INFO success: php-fpm entered RUNNING state, process has stayed up for > than 1 seconds (startsecs)
2025-05-13 21:03:22,587 WARN exited: php-fpm (exit status 78; not expected)
2025-05-13 21:03:23,591 INFO spawned: 'php-fpm' with pid 502
2025-05-13 21:03:24,644 INFO success: php-fpm entered RUNNING state, process has stayed up for > than 1 seconds (startsecs)
2025-05-13 21:03:27,670 WARN exited: php-fpm (exit status 78; not expected)
2025-05-13 21:03:28,674 INFO spawned: 'php-fpm' with pid 505
2025-05-13 21:03:29,707 INFO success: php-fpm entered RUNNING state, process has stayed up for > than 1 seconds (startsecs)
2025-05-13 21:03:33,114 WARN exited: php-fpm (exit status 78; not expected)
2025-05-13 21:03:34,117 INFO spawned: 'php-fpm' with pid 506
2025-05-13 21:03:35,254 INFO success: php-fpm entered RUNNING state, process has stayed up for > than 1 seconds (startsecs)
2025-05-13 21:03:38,901 WARN exited: php-fpm (exit status 78; not expected)
2025-05-13 21:03:39,906 INFO spawned: 'php-fpm' with pid 507
2025-05-13 21:03:40,947 INFO success: php-fpm entered RUNNING state, process has stayed up for > than 1 seconds (startsecs)
2025-05-13 21:03:43,622 WARN exited: php-fpm (exit status 78; not expected)
2025-05-13 21:03:44,627 INFO spawned: 'php-fpm' with pid 508
2025-05-13 21:03:45,666 INFO success: php-fpm entered RUNNING state, process has stayed up for > than 1 seconds (startsecs)
2025-05-13 21:03:48,802 WARN exited: php-fpm (exit status 78; not expected)
2025-05-13 21:03:49,805 INFO spawned: 'php-fpm' with pid 511
2025-05-13 21:03:50,860 INFO success: php-fpm entered RUNNING state, process has stayed up for > than 1 seconds (startsecs)
2025-05-13 21:03:54,750 WARN exited: php-fpm (exit status 78; not expected)
2025-05-13 21:03:55,753 INFO spawned: 'php-fpm' with pid 512
2025-05-13 21:03:56,790 INFO success: php-fpm entered RUNNING state, process has stayed up for > than 1 seconds (startsecs)
2025-05-13 21:04:01,755 WARN exited: php-fpm (exit status 78; not expected)
2025-05-13 21:04:02,758 INFO spawned: 'php-fpm' with pid 513
2025-05-13 21:04:03,800 INFO success: php-fpm entered RUNNING state, process has stayed up for > than 1 seconds (startsecs)
2025-05-13 21:04:08,171 WARN exited: php-fpm (exit status 78; not expected)
2025-05-13 21:04:09,174 INFO spawned: 'php-fpm' with pid 514
2025-05-13 21:04:10,210 INFO success: php-fpm entered RUNNING state, process has stayed up for > than 1 seconds (startsecs)
2025-05-13 21:04:13,973 WARN exited: php-fpm (exit status 78; not expected)
2025-05-13 21:04:14,978 INFO spawned: 'php-fpm' with pid 515
2025-05-13 21:04:16,012 INFO success: php-fpm entered RUNNING state, process has stayed up for > than 1 seconds (startsecs)
2025-05-13 21:04:20,586 WARN exited: php-fpm (exit status 78; not expected)
2025-05-13 21:04:21,590 INFO spawned: 'php-fpm' with pid 516
2025-05-13 21:04:22,621 INFO success: php-fpm entered RUNNING state, process has stayed up for > than 1 seconds (startsecs)
2025-05-13 21:04:26,185 WARN exited: php-fpm (exit status 78; not expected)
2025-05-13 21:04:27,188 INFO spawned: 'php-fpm' with pid 519
2025-05-13 21:04:28,220 INFO success: php-fpm entered RUNNING state, process has stayed up for > than 1 seconds (startsecs)
2025-05-13 21:04:31,988 WARN exited: php-fpm (exit status 78; not expected)
2025-05-13 21:04:32,991 INFO spawned: 'php-fpm' with pid 520
2025-05-13 21:04:34,026 INFO success: php-fpm entered RUNNING state, process has stayed up for > than 1 seconds (startsecs)
2025-05-13 21:04:38,346 WARN exited: php-fpm (exit status 78; not expected)
2025-05-13 21:04:39,350 INFO spawned: 'php-fpm' with pid 521
2025-05-13 21:04:40,400 INFO success: php-fpm entered RUNNING state, process has stayed up for > than 1 seconds (startsecs)
2025-05-13 21:04:44,583 WARN exited: php-fpm (exit status 78; not expected)
2025-05-13 21:04:45,587 INFO spawned: 'php-fpm' with pid 522
2025-05-13 21:04:46,629 INFO success: php-fpm entered RUNNING state, process has stayed up for > than 1 seconds (startsecs)
2025-05-13 21:04:49,906 WARN exited: php-fpm (exit status 78; not expected)
2025-05-13 21:04:49,908 INFO spawned: 'php-fpm' with pid 523
2025-05-13 21:04:50,938 INFO success: php-fpm entered RUNNING state, process has stayed up for > than 1 seconds (startsecs)
2025-05-13 21:04:55,184 WARN exited: php-fpm (exit status 78; not expected)
2025-05-13 21:04:56,189 INFO spawned: 'php-fpm' with pid 525
2025-05-13 21:04:57,229 INFO success: php-fpm entered RUNNING state, process has stayed up for > than 1 seconds (startsecs)
2025-05-13 21:05:03,898 WARN exited: php-fpm (exit status 78; not expected)
2025-05-13 21:05:04,906 INFO spawned: 'php-fpm' with pid 526
2025-05-13 21:05:05,938 INFO success: php-fpm entered RUNNING state, process has stayed up for > than 1 seconds (startsecs)
2025-05-13 21:05:10,713 WARN exited: php-fpm (exit status 78; not expected)
2025-05-13 21:05:11,716 INFO spawned: 'php-fpm' with pid 527
2025-05-13 21:05:12,749 INFO success: php-fpm entered RUNNING state, process has stayed up for > than 1 seconds (startsecs)
2025-05-13 21:05:20,760 WARN exited: php-fpm (exit status 78; not expected)
2025-05-13 21:05:21,763 INFO spawned: 'php-fpm' with pid 528
2025-05-13 21:05:22,811 INFO success: php-fpm entered RUNNING state, process has stayed up for > than 1 seconds (startsecs)
2025-05-13 21:05:26,859 WARN exited: php-fpm (exit status 78; not expected)
2025-05-13 21:05:27,863 INFO spawned: 'php-fpm' with pid 529
2025-05-13 21:05:28,916 INFO success: php-fpm entered RUNNING state, process has stayed up for > than 1 seconds (startsecs)
2025-05-13 21:05:34,212 WARN exited: php-fpm (exit status 78; not expected)
2025-05-13 21:05:35,218 INFO spawned: 'php-fpm' with pid 530
2025-05-13 21:05:36,259 INFO success: php-fpm entered RUNNING state, process has stayed up for > than 1 seconds (startsecs)
2025-05-13 21:05:41,034 WARN exited: php-fpm (exit status 78; not expected)
2025-05-13 21:05:42,038 INFO spawned: 'php-fpm' with pid 531
2025-05-13 21:05:43,072 INFO success: php-fpm entered RUNNING state, process has stayed up for > than 1 seconds (startsecs)
2025-05-13 21:05:46,449 WARN exited: php-fpm (exit status 78; not expected)
2025-05-13 21:05:47,452 INFO spawned: 'php-fpm' with pid 532
2025-05-13 21:05:48,485 INFO success: php-fpm entered RUNNING state, process has stayed up for > than 1 seconds (startsecs)
2025-05-13 21:05:53,690 WARN exited: php-fpm (exit status 78; not expected)
2025-05-13 21:05:54,693 INFO spawned: 'php-fpm' with pid 534
2025-05-13 21:05:55,728 INFO success: php-fpm entered RUNNING state, process has stayed up for > than 1 seconds (startsecs)
2025-05-13 21:05:59,869 WARN exited: php-fpm (exit status 78; not expected)
2025-05-13 21:06:00,874 INFO spawned: 'php-fpm' with pid 536
2025-05-13 21:06:01,914 INFO success: php-fpm entered RUNNING state, process has stayed up for > than 1 seconds (startsecs)
2025-05-13 21:06:05,011 WARN exited: php-fpm (exit status 78; not expected)
2025-05-13 21:06:05,014 INFO spawned: 'php-fpm' with pid 538
2025-05-13 21:06:06,052 INFO success: php-fpm entered RUNNING state, process has stayed up for > than 1 seconds (startsecs)
2025-05-13 21:06:10,245 WARN exited: php-fpm (exit status 78; not expected)
2025-05-13 21:06:10,247 INFO spawned: 'php-fpm' with pid 539
2025-05-13 21:06:11,278 INFO success: php-fpm entered RUNNING state, process has stayed up for > than 1 seconds (startsecs)
2025-05-13 21:06:16,524 WARN exited: php-fpm (exit status 78; not expected)
2025-05-13 21:06:17,527 INFO spawned: 'php-fpm' with pid 540
2025-05-13 21:06:18,582 INFO success: php-fpm entered RUNNING state, process has stayed up for > than 1 seconds (startsecs)
2025-05-13 21:06:25,179 WARN exited: php-fpm (exit status 78; not expected)
2025-05-13 21:06:26,183 INFO spawned: 'php-fpm' with pid 541
2025-05-13 21:06:27,213 INFO success: php-fpm entered RUNNING state, process has stayed up for > than 1 seconds (startsecs)
2025-05-13 21:06:32,496 WARN exited: php-fpm (exit status 78; not expected)
2025-05-13 21:06:33,500 INFO spawned: 'php-fpm' with pid 542
2025-05-13 21:06:34,532 INFO success: php-fpm entered RUNNING state, process has stayed up for > than 1 seconds (startsecs)
2025-05-13 21:06:37,032 WARN exited: php-fpm (exit status 78; not expected)
2025-05-13 21:06:38,036 INFO spawned: 'php-fpm' with pid 543
2025-05-13 21:06:39,071 INFO success: php-fpm entered RUNNING state, process has stayed up for > than 1 seconds (startsecs)
2025-05-13 21:06:43,051 WARN exited: php-fpm (exit status 78; not expected)
2025-05-13 21:06:44,057 INFO spawned: 'php-fpm' with pid 544
2025-05-13 21:06:45,100 INFO success: php-fpm entered RUNNING state, process has stayed up for > than 1 seconds (startsecs)
2025-05-13 21:06:48,947 WARN exited: php-fpm (exit status 78; not expected)
2025-05-13 21:06:49,951 INFO spawned: 'php-fpm' with pid 545
2025-05-13 21:06:50,983 INFO success: php-fpm entered RUNNING state, process has stayed up for > than 1 seconds (startsecs)
2025-05-13 21:06:57,268 WARN exited: php-fpm (exit status 78; not expected)
2025-05-13 21:06:58,275 INFO spawned: 'php-fpm' with pid 546
2025-05-13 21:06:59,315 INFO success: php-fpm entered RUNNING state, process has stayed up for > than 1 seconds (startsecs)
2025-05-13 21:07:03,961 WARN exited: php-fpm (exit status 78; not expected)
2025-05-13 21:07:04,968 INFO spawned: 'php-fpm' with pid 547
2025-05-13 21:07:06,013 INFO success: php-fpm entered RUNNING state, process has stayed up for > than 1 seconds (startsecs)
2025-05-13 21:07:10,742 WARN exited: php-fpm (exit status 78; not expected)
2025-05-13 21:07:11,745 INFO spawned: 'php-fpm' with pid 549
2025-05-13 21:07:12,786 INFO success: php-fpm entered RUNNING state, process has stayed up for > than 1 seconds (startsecs)
2025-05-13 21:07:16,580 WARN exited: php-fpm (exit status 78; not expected)
2025-05-13 21:07:17,584 INFO spawned: 'php-fpm' with pid 550
2025-05-13 21:07:18,620 INFO success: php-fpm entered RUNNING state, process has stayed up for > than 1 seconds (startsecs)
2025-05-13 21:07:23,835 WARN exited: php-fpm (exit status 78; not expected)
2025-05-13 21:07:24,839 INFO spawned: 'php-fpm' with pid 551
2025-05-13 21:07:25,880 INFO success: php-fpm entered RUNNING state, process has stayed up for > than 1 seconds (startsecs)
2025-05-13 21:07:28,206 WARN exited: php-fpm (exit status 78; not expected)
2025-05-13 21:07:29,209 INFO spawned: 'php-fpm' with pid 552
2025-05-13 21:07:30,244 INFO success: php-fpm entered RUNNING state, process has stayed up for > than 1 seconds (startsecs)
2025-05-13 21:07:34,903 WARN exited: php-fpm (exit status 78; not expected)
2025-05-13 21:07:35,907 INFO spawned: 'php-fpm' with pid 553
2025-05-13 21:07:36,946 INFO success: php-fpm entered RUNNING state, process has stayed up for > than 1 seconds (startsecs)
2025-05-13 21:07:40,505 WARN exited: php-fpm (exit status 78; not expected)
2025-05-13 21:07:41,509 INFO spawned: 'php-fpm' with pid 554
2025-05-13 21:07:42,542 INFO success: php-fpm entered RUNNING state, process has stayed up for > than 1 seconds (startsecs)
2025-05-13 21:07:46,104 WARN exited: php-fpm (exit status 78; not expected)
2025-05-13 21:07:47,114 INFO spawned: 'php-fpm' with pid 555
2025-05-13 21:07:48,151 INFO success: php-fpm entered RUNNING state, process has stayed up for > than 1 seconds (startsecs)
2025-05-13 21:07:53,619 WARN exited: php-fpm (exit status 78; not expected)
2025-05-13 21:07:54,628 INFO spawned: 'php-fpm' with pid 559
2025-05-13 21:07:55,665 INFO success: php-fpm entered RUNNING state, process has stayed up for > than 1 seconds (startsecs)
2025-05-13 21:07:59,886 WARN exited: php-fpm (exit status 78; not expected)
2025-05-13 21:08:00,889 INFO spawned: 'php-fpm' with pid 560
2025-05-13 21:08:01,919 INFO success: php-fpm entered RUNNING state, process has stayed up for > than 1 seconds (startsecs)
2025-05-13 21:08:05,640 WARN exited: php-fpm (exit status 78; not expected)
2025-05-13 21:08:06,644 INFO spawned: 'php-fpm' with pid 561
2025-05-13 21:08:07,682 INFO success: php-fpm entered RUNNING state, process has stayed up for > than 1 seconds (startsecs)
2025-05-13 21:08:15,650 WARN exited: php-fpm (exit status 78; not expected)
2025-05-13 21:08:16,655 INFO spawned: 'php-fpm' with pid 562
2025-05-13 21:08:17,714 INFO success: php-fpm entered RUNNING state, process has stayed up for > than 1 seconds (startsecs)
2025-05-13 21:08:22,312 WARN exited: php-fpm (exit status 78; not expected)
2025-05-13 21:08:23,316 INFO spawned: 'php-fpm' with pid 563
2025-05-13 21:08:24,353 INFO success: php-fpm entered RUNNING state, process has stayed up for > than 1 seconds (startsecs)
2025-05-13 21:08:29,595 WARN exited: php-fpm (exit status 78; not expected)
2025-05-13 21:08:30,599 INFO spawned: 'php-fpm' with pid 564
2025-05-13 21:08:31,634 INFO success: php-fpm entered RUNNING state, process has stayed up for > than 1 seconds (startsecs)
2025-05-13 21:08:40,990 WARN exited: php-fpm (exit status 78; not expected)
2025-05-13 21:08:41,994 INFO spawned: 'php-fpm' with pid 565
2025-05-13 21:08:43,028 INFO success: php-fpm entered RUNNING state, process has stayed up for > than 1 seconds (startsecs)
2025-05-13 21:08:49,855 WARN exited: php-fpm (exit status 78; not expected)
2025-05-13 21:08:50,863 INFO spawned: 'php-fpm' with pid 566
2025-05-13 21:08:51,944 INFO success: php-fpm entered RUNNING state, process has stayed up for > than 1 seconds (startsecs)
2025-05-13 21:08:56,092 WARN exited: php-fpm (exit status 78; not expected)
2025-05-13 21:08:57,097 INFO spawned: 'php-fpm' with pid 568
2025-05-13 21:08:58,135 INFO success: php-fpm entered RUNNING state, process has stayed up for > than 1 seconds (startsecs)
2025-05-13 21:09:03,143 WARN exited: php-fpm (exit status 78; not expected)
2025-05-13 21:09:04,147 INFO spawned: 'php-fpm' with pid 569
2025-05-13 21:09:05,178 INFO success: php-fpm entered RUNNING state, process has stayed up for > than 1 seconds (startsecs)
2025-05-13 21:09:10,149 WARN exited: php-fpm (exit status 78; not expected)
2025-05-13 21:09:11,153 INFO spawned: 'php-fpm' with pid 570
2025-05-13 21:09:12,185 INFO success: php-fpm entered RUNNING state, process has stayed up for > than 1 seconds (startsecs)
2025-05-13 21:09:15,465 WARN exited: php-fpm (exit status 78; not expected)
2025-05-13 21:09:16,469 INFO spawned: 'php-fpm' with pid 571
2025-05-13 21:09:17,503 INFO success: php-fpm entered RUNNING state, process has stayed up for > than 1 seconds (startsecs)
2025-05-13 21:09:22,120 WARN exited: php-fpm (exit status 78; not expected)
2025-05-13 21:09:23,124 INFO spawned: 'php-fpm' with pid 572
2025-05-13 21:09:24,155 INFO success: php-fpm entered RUNNING state, process has stayed up for > than 1 seconds (startsecs)
2025-05-13 21:09:28,607 WARN exited: php-fpm (exit status 78; not expected)
2025-05-13 21:09:29,610 INFO spawned: 'php-fpm' with pid 575
2025-05-13 21:09:30,642 INFO success: php-fpm entered RUNNING state, process has stayed up for > than 1 seconds (startsecs)
2025-05-13 21:09:35,843 WARN exited: php-fpm (exit status 78; not expected)
2025-05-13 21:09:36,846 INFO spawned: 'php-fpm' with pid 576
2025-05-13 21:09:37,881 INFO success: php-fpm entered RUNNING state, process has stayed up for > than 1 seconds (startsecs)
2025-05-13 21:09:42,665 WARN exited: php-fpm (exit status 78; not expected)
2025-05-13 21:09:43,669 INFO spawned: 'php-fpm' with pid 579
2025-05-13 21:09:44,700 INFO success: php-fpm entered RUNNING state, process has stayed up for > than 1 seconds (startsecs)
2025-05-13 21:09:48,467 WARN exited: php-fpm (exit status 78; not expected)
2025-05-13 21:09:49,470 INFO spawned: 'php-fpm' with pid 580
2025-05-13 21:09:50,554 INFO success: php-fpm entered RUNNING state, process has stayed up for > than 1 seconds (startsecs)
2025-05-13 21:09:54,361 WARN exited: php-fpm (exit status 78; not expected)
2025-05-13 21:09:54,363 INFO spawned: 'php-fpm' with pid 581
2025-05-13 21:09:55,401 INFO success: php-fpm entered RUNNING state, process has stayed up for > than 1 seconds (startsecs)
2025-05-13 21:09:59,428 WARN exited: php-fpm (exit status 78; not expected)
2025-05-13 21:10:00,431 INFO spawned: 'php-fpm' with pid 582
2025-05-13 21:10:01,461 INFO success: php-fpm entered RUNNING state, process has stayed up for > than 1 seconds (startsecs)
2025-05-13 21:10:07,231 WARN exited: php-fpm (exit status 78; not expected)
2025-05-13 21:10:08,234 INFO spawned: 'php-fpm' with pid 583
2025-05-13 21:10:09,265 INFO success: php-fpm entered RUNNING state, process has stayed up for > than 1 seconds (startsecs)
2025-05-13 21:10:14,581 WARN exited: php-fpm (exit status 78; not expected)
2025-05-13 21:10:15,587 INFO spawned: 'php-fpm' with pid 586
2025-05-13 21:10:16,625 INFO success: php-fpm entered RUNNING state, process has stayed up for > than 1 seconds (startsecs)
2025-05-13 21:10:21,774 WARN exited: php-fpm (exit status 78; not expected)
2025-05-13 21:10:22,777 INFO spawned: 'php-fpm' with pid 589
2025-05-13 21:10:23,813 INFO success: php-fpm entered RUNNING state, process has stayed up for > than 1 seconds (startsecs)
2025-05-13 21:10:27,877 WARN exited: php-fpm (exit status 78; not expected)
2025-05-13 21:10:28,880 INFO spawned: 'php-fpm' with pid 594
2025-05-13 21:10:29,909 INFO success: php-fpm entered RUNNING state, process has stayed up for > than 1 seconds (startsecs)
2025-05-13 21:10:33,383 WARN exited: php-fpm (exit status 78; not expected)
2025-05-13 21:10:34,387 INFO spawned: 'php-fpm' with pid 597
2025-05-13 21:10:35,419 INFO success: php-fpm entered RUNNING state, process has stayed up for > than 1 seconds (startsecs)
2025-05-13 21:10:39,046 WARN exited: php-fpm (exit status 78; not expected)
2025-05-13 21:10:40,050 INFO spawned: 'php-fpm' with pid 598
2025-05-13 21:10:41,087 INFO success: php-fpm entered RUNNING state, process has stayed up for > than 1 seconds (startsecs)
2025-05-13 21:10:45,748 WARN exited: php-fpm (exit status 78; not expected)
2025-05-13 21:10:46,752 INFO spawned: 'php-fpm' with pid 599
2025-05-13 21:10:47,787 INFO success: php-fpm entered RUNNING state, process has stayed up for > than 1 seconds (startsecs)
2025-05-13 21:10:51,501 WARN exited: php-fpm (exit status 78; not expected)
2025-05-13 21:10:52,504 INFO spawned: 'php-fpm' with pid 600
2025-05-13 21:10:53,546 INFO success: php-fpm entered RUNNING state, process has stayed up for > than 1 seconds (startsecs)
2025-05-13 21:10:57,320 WARN exited: php-fpm (exit status 78; not expected)
2025-05-13 21:10:58,324 INFO spawned: 'php-fpm' with pid 601
2025-05-13 21:10:59,362 INFO success: php-fpm entered RUNNING state, process has stayed up for > than 1 seconds (startsecs)
2025-05-13 21:10:59,362 WARN received SIGTERM indicating exit request
2025-05-13 21:10:59,363 INFO waiting for nginx, php-fpm to die
2025-05-13 21:11:00,367 WARN stopped: php-fpm (terminated by SIGTERM)
2025-05-13 21:11:00,388 INFO stopped: nginx (exit status 0)
2025-05-13 21:11:05,058 CRIT Supervisor is running as root.  Privileges were not dropped because no user is specified in the config file.  If you intend to run as root, you can set user=root in the config file to avoid this message.
2025-05-13 21:11:05,068 INFO RPC interface 'supervisor' initialized
2025-05-13 21:11:05,069 CRIT Server 'unix_http_server' running without any HTTP authentication checking
2025-05-13 21:11:05,074 INFO supervisord started with pid 1
2025-05-13 21:11:06,078 INFO spawned: 'nginx' with pid 15
2025-05-13 21:11:06,082 INFO spawned: 'php-fpm' with pid 16
2025-05-13 21:11:07,131 INFO success: php-fpm entered RUNNING state, process has stayed up for > than 1 seconds (startsecs)
2025-05-13 21:11:09,134 INFO success: nginx entered RUNNING state, process has stayed up for > than 3 seconds (startsecs)
